<?xml version="1.0" encoding="UTF-8"?>
<testng-results ignored="0" total="1" passed="1" failed="0" skipped="0">
  <reporter-output>
  </reporter-output>
  <suite started-at="2021-07-23T00:42:16 EDT" name="Surefire suite" finished-at="2021-07-23T00:43:04 EDT" duration-ms="48559">
    <groups>
    </groups>
    <test started-at="2021-07-23T00:42:16 EDT" name="Surefire test" finished-at="2021-07-23T00:43:04 EDT" duration-ms="48559">
      <class name="test.java.BasicTest">
        <test-method signature="popUpTest()[pri:0, instance:test.java.BasicTest@436813f3]" started-at="2021-07-23T00:42:16 EDT" name="popUpTest" finished-at="2021-07-23T00:43:04 EDT" duration-ms="48503" status="PASS">
          <reporter-output>
          </reporter-output>
        </test-method> <!-- popUpTest -->
      </class> <!-- test.java.BasicTest -->
    </test> <!-- Surefire test -->
  </suite> <!-- Surefire suite -->
</testng-results>
